<?xml version="1.0" encoding="EUC-KR"?>
<beans xmlns="http://www.springframework.org/schema/beans"
	xmlns:xsi="http://www.w3.org/2001/XMLSchema-instance" xmlns:context="http://www.springframework.org/schema/context"
	xmlns:aop="http://www.springframework.org/schema/aop" xmlns:p="http://www.springframework.org/schema/p"
	xmlns:tx="http://www.springframework.org/schema/tx"
	xmlns:mvc="http://www.springframework.org/schema/mvc"
	xsi:schemaLocation="http://www.springframework.org/schema/aop
		http://www.springframework.org/schema/aop/spring-aop-3.0.xsd
		http://www.springframework.org/schema/beans
		http://www.springframework.org/schema/beans/spring-beans-3.0.xsd
		http://www.springframework.org/schema/tx
		http://www.springframework.org/schema/tx/spring-tx-3.0.xsd
		http://www.springframework.org/schema/context
		http://www.springframework.org/schema/context/spring-context-3.0.xsd
		http://www.springframework.org/schema/mvc
		http://www.springframework.org/schema/mvc/spring-mvc-3.0.xsd">

	<!-- Transaction Manager -->
	<bean id="transactionManager"
		class="org.springframework.jdbc.datasource.DataSourceTransactionManager">
		<property name="dataSource" ref="dataSource" />
	</bean>

   	<!-- Transaction -->
	<tx:advice id="txAdvice" transaction-manager="transactionManager">
		<tx:attributes>
 			<tx:method name="retrieve*" read-only="true" />
 			<tx:method name="get*" read-only="true" />
 			<tx:method name="print*" read-only="true" />
			<tx:method name="*" propagation="REQUIRED" timeout="10000" />
		</tx:attributes>
	</tx:advice>

	<!-- Transaction AOP -->
	<aop:config proxy-target-class="true">
		<aop:pointcut id="serviceMethods"
			expression="execution(* *..*Service.*(..))" />
		<aop:advisor advice-ref="txAdvice" pointcut-ref="serviceMethods" />
	</aop:config>
	<!-- Transaction -->

	<import resource="./context-common.xml"/>
	<import resource="./context-datasource.xml"/>
	<import resource="./context-sqlMap.xml"/>
	<import resource="./context-transaction.xml"/>
</beans>
